[2025-07-07 15:08:53,111.111] DEBUG [128403541241984] - loaded lazy attr 'SafeConfigParser': <class 'configparser.ConfigParser'>
[2025-07-07 15:08:53,111.111] DEBUG [128403541241984] - loaded lazy attr 'SafeConfigParser': <class 'configparser.ConfigParser'>
[2025-07-07 15:08:53,111.111] DEBUG [128403541241984] - loaded lazy attr 'NativeStringIO': <class '_io.StringIO'>
[2025-07-07 15:08:53,111.111] DEBUG [128403541241984] - loaded lazy attr 'NativeStringIO': <class '_io.StringIO'>
[2025-07-07 15:08:53,111.111] DEBUG [128403541241984] - loaded lazy attr 'BytesIO': <class '_io.BytesIO'>
[2025-07-07 15:08:53,111.111] DEBUG [128403541241984] - loaded lazy attr 'BytesIO': <class '_io.BytesIO'>
[2025-07-07 15:08:53,118.118] DEBUG [128403541241984] - registered 'bcrypt' handler: <class 'passlib.handlers.bcrypt.bcrypt'>
[2025-07-07 15:08:53,118.118] DEBUG [128403541241984] - registered 'bcrypt' handler: <class 'passlib.handlers.bcrypt.bcrypt'>
[2025-07-07 16:25:31,565.565] DEBUG [124362167591040] - loaded lazy attr 'SafeConfigParser': <class 'configparser.ConfigParser'>
[2025-07-07 16:25:31,565.565] DEBUG [124362167591040] - loaded lazy attr 'SafeConfigParser': <class 'configparser.ConfigParser'>
[2025-07-07 16:25:31,566.566] DEBUG [124362167591040] - loaded lazy attr 'NativeStringIO': <class '_io.StringIO'>
[2025-07-07 16:25:31,566.566] DEBUG [124362167591040] - loaded lazy attr 'NativeStringIO': <class '_io.StringIO'>
[2025-07-07 16:25:31,566.566] DEBUG [124362167591040] - loaded lazy attr 'BytesIO': <class '_io.BytesIO'>
[2025-07-07 16:25:31,566.566] DEBUG [124362167591040] - loaded lazy attr 'BytesIO': <class '_io.BytesIO'>
[2025-07-07 16:25:31,573.573] DEBUG [124362167591040] - registered 'bcrypt' handler: <class 'passlib.handlers.bcrypt.bcrypt'>
[2025-07-07 16:25:31,573.573] DEBUG [124362167591040] - registered 'bcrypt' handler: <class 'passlib.handlers.bcrypt.bcrypt'>
[2025-07-07 16:32:30,891.891] DEBUG [130247513108608] - loaded lazy attr 'SafeConfigParser': <class 'configparser.ConfigParser'>
[2025-07-07 16:32:30,891.891] DEBUG [130247513108608] - loaded lazy attr 'SafeConfigParser': <class 'configparser.ConfigParser'>
[2025-07-07 16:32:30,892.892] DEBUG [130247513108608] - loaded lazy attr 'NativeStringIO': <class '_io.StringIO'>
[2025-07-07 16:32:30,892.892] DEBUG [130247513108608] - loaded lazy attr 'NativeStringIO': <class '_io.StringIO'>
[2025-07-07 16:32:30,892.892] DEBUG [130247513108608] - loaded lazy attr 'BytesIO': <class '_io.BytesIO'>
[2025-07-07 16:32:30,892.892] DEBUG [130247513108608] - loaded lazy attr 'BytesIO': <class '_io.BytesIO'>
[2025-07-07 16:32:30,899.899] DEBUG [130247513108608] - registered 'bcrypt' handler: <class 'passlib.handlers.bcrypt.bcrypt'>
[2025-07-07 16:32:30,899.899] DEBUG [130247513108608] - registered 'bcrypt' handler: <class 'passlib.handlers.bcrypt.bcrypt'>
[2025-07-07 16:41:23,656.656] DEBUG [137069680824448] - loaded lazy attr 'SafeConfigParser': <class 'configparser.ConfigParser'>
[2025-07-07 16:41:23,656.656] DEBUG [137069680824448] - loaded lazy attr 'SafeConfigParser': <class 'configparser.ConfigParser'>
[2025-07-07 16:41:23,657.657] DEBUG [137069680824448] - loaded lazy attr 'NativeStringIO': <class '_io.StringIO'>
[2025-07-07 16:41:23,657.657] DEBUG [137069680824448] - loaded lazy attr 'NativeStringIO': <class '_io.StringIO'>
[2025-07-07 16:41:23,657.657] DEBUG [137069680824448] - loaded lazy attr 'BytesIO': <class '_io.BytesIO'>
[2025-07-07 16:41:23,657.657] DEBUG [137069680824448] - loaded lazy attr 'BytesIO': <class '_io.BytesIO'>
[2025-07-07 16:41:23,665.665] DEBUG [137069680824448] - registered 'bcrypt' handler: <class 'passlib.handlers.bcrypt.bcrypt'>
[2025-07-07 16:41:23,665.665] DEBUG [137069680824448] - registered 'bcrypt' handler: <class 'passlib.handlers.bcrypt.bcrypt'>
[2025-07-07 16:43:33,741.741] DEBUG [137069680824448] - loaded lazy attr 'SafeConfigParser': <class 'configparser.ConfigParser'>
[2025-07-07 16:43:33,742.742] DEBUG [137069680824448] - loaded lazy attr 'NativeStringIO': <class '_io.StringIO'>
[2025-07-07 16:43:33,742.742] DEBUG [137069680824448] - loaded lazy attr 'BytesIO': <class '_io.BytesIO'>
[2025-07-07 16:43:33,746.746] DEBUG [137069680824448] - registered 'bcrypt' handler: <class 'passlib.handlers.bcrypt.bcrypt'>
[2025-07-07 17:00:18,648.648] DEBUG [128075750633600] - loaded lazy attr 'SafeConfigParser': <class 'configparser.ConfigParser'>
[2025-07-07 17:00:18,648.648] DEBUG [128075750633600] - loaded lazy attr 'SafeConfigParser': <class 'configparser.ConfigParser'>
[2025-07-07 17:00:18,650.650] DEBUG [128075750633600] - loaded lazy attr 'NativeStringIO': <class '_io.StringIO'>
[2025-07-07 17:00:18,650.650] DEBUG [128075750633600] - loaded lazy attr 'NativeStringIO': <class '_io.StringIO'>
[2025-07-07 17:00:18,650.650] DEBUG [128075750633600] - loaded lazy attr 'BytesIO': <class '_io.BytesIO'>
[2025-07-07 17:00:18,650.650] DEBUG [128075750633600] - loaded lazy attr 'BytesIO': <class '_io.BytesIO'>
[2025-07-07 17:00:18,658.658] DEBUG [128075750633600] - registered 'bcrypt' handler: <class 'passlib.handlers.bcrypt.bcrypt'>
[2025-07-07 17:00:18,658.658] DEBUG [128075750633600] - registered 'bcrypt' handler: <class 'passlib.handlers.bcrypt.bcrypt'>
[2025-07-07 17:31:27,961.961] DEBUG [127214134038656] - loaded lazy attr 'SafeConfigParser': <class 'configparser.ConfigParser'>
[2025-07-07 17:31:27,961.961] DEBUG [127214134038656] - loaded lazy attr 'SafeConfigParser': <class 'configparser.ConfigParser'>
[2025-07-07 17:31:27,963.963] DEBUG [127214134038656] - loaded lazy attr 'NativeStringIO': <class '_io.StringIO'>
[2025-07-07 17:31:27,963.963] DEBUG [127214134038656] - loaded lazy attr 'NativeStringIO': <class '_io.StringIO'>
[2025-07-07 17:31:27,963.963] DEBUG [127214134038656] - loaded lazy attr 'BytesIO': <class '_io.BytesIO'>
[2025-07-07 17:31:27,963.963] DEBUG [127214134038656] - loaded lazy attr 'BytesIO': <class '_io.BytesIO'>
[2025-07-07 17:31:27,971.971] DEBUG [127214134038656] - registered 'bcrypt' handler: <class 'passlib.handlers.bcrypt.bcrypt'>
[2025-07-07 17:31:27,971.971] DEBUG [127214134038656] - registered 'bcrypt' handler: <class 'passlib.handlers.bcrypt.bcrypt'>
[2025-07-07 17:37:44,989.989] DEBUG [132028492619904] - loaded lazy attr 'SafeConfigParser': <class 'configparser.ConfigParser'>
[2025-07-07 17:37:44,989.989] DEBUG [132028492619904] - loaded lazy attr 'SafeConfigParser': <class 'configparser.ConfigParser'>
[2025-07-07 17:37:44,993.993] DEBUG [132028492619904] - loaded lazy attr 'NativeStringIO': <class '_io.StringIO'>
[2025-07-07 17:37:44,993.993] DEBUG [132028492619904] - loaded lazy attr 'NativeStringIO': <class '_io.StringIO'>
[2025-07-07 17:37:44,993.993] DEBUG [132028492619904] - loaded lazy attr 'BytesIO': <class '_io.BytesIO'>
[2025-07-07 17:37:44,993.993] DEBUG [132028492619904] - loaded lazy attr 'BytesIO': <class '_io.BytesIO'>
[2025-07-07 17:37:45,002.002] DEBUG [132028492619904] - registered 'bcrypt' handler: <class 'passlib.handlers.bcrypt.bcrypt'>
[2025-07-07 17:37:45,002.002] DEBUG [132028492619904] - registered 'bcrypt' handler: <class 'passlib.handlers.bcrypt.bcrypt'>
[2025-07-07 17:39:51,045.045] DEBUG [135234316394624] - loaded lazy attr 'SafeConfigParser': <class 'configparser.ConfigParser'>
[2025-07-07 17:39:51,045.045] DEBUG [135234316394624] - loaded lazy attr 'SafeConfigParser': <class 'configparser.ConfigParser'>
[2025-07-07 17:39:51,047.047] DEBUG [135234316394624] - loaded lazy attr 'NativeStringIO': <class '_io.StringIO'>
[2025-07-07 17:39:51,047.047] DEBUG [135234316394624] - loaded lazy attr 'NativeStringIO': <class '_io.StringIO'>
[2025-07-07 17:39:51,047.047] DEBUG [135234316394624] - loaded lazy attr 'BytesIO': <class '_io.BytesIO'>
[2025-07-07 17:39:51,047.047] DEBUG [135234316394624] - loaded lazy attr 'BytesIO': <class '_io.BytesIO'>
[2025-07-07 17:39:51,055.055] DEBUG [135234316394624] - registered 'bcrypt' handler: <class 'passlib.handlers.bcrypt.bcrypt'>
[2025-07-07 17:39:51,055.055] DEBUG [135234316394624] - registered 'bcrypt' handler: <class 'passlib.handlers.bcrypt.bcrypt'>
[2025-07-07 17:51:41,008.008] DEBUG [131777092407424] - loaded lazy attr 'SafeConfigParser': <class 'configparser.ConfigParser'>
[2025-07-07 17:51:41,008.008] DEBUG [131777092407424] - loaded lazy attr 'SafeConfigParser': <class 'configparser.ConfigParser'>
[2025-07-07 17:51:41,011.011] DEBUG [131777092407424] - loaded lazy attr 'NativeStringIO': <class '_io.StringIO'>
[2025-07-07 17:51:41,011.011] DEBUG [131777092407424] - loaded lazy attr 'NativeStringIO': <class '_io.StringIO'>
[2025-07-07 17:51:41,011.011] DEBUG [131777092407424] - loaded lazy attr 'BytesIO': <class '_io.BytesIO'>
[2025-07-07 17:51:41,011.011] DEBUG [131777092407424] - loaded lazy attr 'BytesIO': <class '_io.BytesIO'>
[2025-07-07 17:51:41,018.018] DEBUG [131777092407424] - registered 'bcrypt' handler: <class 'passlib.handlers.bcrypt.bcrypt'>
[2025-07-07 17:51:41,018.018] DEBUG [131777092407424] - registered 'bcrypt' handler: <class 'passlib.handlers.bcrypt.bcrypt'>
[2025-07-07 17:52:42,672.672] DEBUG [136970745380992] - loaded lazy attr 'SafeConfigParser': <class 'configparser.ConfigParser'>
[2025-07-07 17:52:42,672.672] DEBUG [136970745380992] - loaded lazy attr 'SafeConfigParser': <class 'configparser.ConfigParser'>
[2025-07-07 17:52:42,672.672] DEBUG [136970745380992] - loaded lazy attr 'NativeStringIO': <class '_io.StringIO'>
[2025-07-07 17:52:42,672.672] DEBUG [136970745380992] - loaded lazy attr 'NativeStringIO': <class '_io.StringIO'>
[2025-07-07 17:52:42,672.672] DEBUG [136970745380992] - loaded lazy attr 'BytesIO': <class '_io.BytesIO'>
[2025-07-07 17:52:42,672.672] DEBUG [136970745380992] - loaded lazy attr 'BytesIO': <class '_io.BytesIO'>
[2025-07-07 17:52:42,680.680] DEBUG [136970745380992] - registered 'bcrypt' handler: <class 'passlib.handlers.bcrypt.bcrypt'>
[2025-07-07 17:52:42,680.680] DEBUG [136970745380992] - registered 'bcrypt' handler: <class 'passlib.handlers.bcrypt.bcrypt'>
[2025-07-07 17:57:11,549.549] DEBUG [132076720095360] - loaded lazy attr 'SafeConfigParser': <class 'configparser.ConfigParser'>
[2025-07-07 17:57:11,549.549] DEBUG [132076720095360] - loaded lazy attr 'SafeConfigParser': <class 'configparser.ConfigParser'>
[2025-07-07 17:57:11,550.550] DEBUG [132076720095360] - loaded lazy attr 'NativeStringIO': <class '_io.StringIO'>
[2025-07-07 17:57:11,550.550] DEBUG [132076720095360] - loaded lazy attr 'NativeStringIO': <class '_io.StringIO'>
[2025-07-07 17:57:11,550.550] DEBUG [132076720095360] - loaded lazy attr 'BytesIO': <class '_io.BytesIO'>
[2025-07-07 17:57:11,550.550] DEBUG [132076720095360] - loaded lazy attr 'BytesIO': <class '_io.BytesIO'>
[2025-07-07 17:57:11,557.557] DEBUG [132076720095360] - registered 'bcrypt' handler: <class 'passlib.handlers.bcrypt.bcrypt'>
[2025-07-07 17:57:11,557.557] DEBUG [132076720095360] - registered 'bcrypt' handler: <class 'passlib.handlers.bcrypt.bcrypt'>
[2025-07-08 01:00:26,539.539] DEBUG [138940385140864] - loaded lazy attr 'SafeConfigParser': <class 'configparser.ConfigParser'>
[2025-07-08 01:00:26,539.539] DEBUG [138940385140864] - loaded lazy attr 'SafeConfigParser': <class 'configparser.ConfigParser'>
[2025-07-08 01:00:26,542.542] DEBUG [138940385140864] - loaded lazy attr 'NativeStringIO': <class '_io.StringIO'>
[2025-07-08 01:00:26,542.542] DEBUG [138940385140864] - loaded lazy attr 'NativeStringIO': <class '_io.StringIO'>
[2025-07-08 01:00:26,542.542] DEBUG [138940385140864] - loaded lazy attr 'BytesIO': <class '_io.BytesIO'>
[2025-07-08 01:00:26,542.542] DEBUG [138940385140864] - loaded lazy attr 'BytesIO': <class '_io.BytesIO'>
[2025-07-08 01:00:26,550.550] DEBUG [138940385140864] - registered 'bcrypt' handler: <class 'passlib.handlers.bcrypt.bcrypt'>
[2025-07-08 01:00:26,550.550] DEBUG [138940385140864] - registered 'bcrypt' handler: <class 'passlib.handlers.bcrypt.bcrypt'>
[2025-07-08 01:02:07,830.830] DEBUG [133741748801664] - loaded lazy attr 'SafeConfigParser': <class 'configparser.ConfigParser'>
[2025-07-08 01:02:07,830.830] DEBUG [133741748801664] - loaded lazy attr 'SafeConfigParser': <class 'configparser.ConfigParser'>
[2025-07-08 01:02:07,832.832] DEBUG [133741748801664] - loaded lazy attr 'NativeStringIO': <class '_io.StringIO'>
[2025-07-08 01:02:07,832.832] DEBUG [133741748801664] - loaded lazy attr 'NativeStringIO': <class '_io.StringIO'>
[2025-07-08 01:02:07,832.832] DEBUG [133741748801664] - loaded lazy attr 'BytesIO': <class '_io.BytesIO'>
[2025-07-08 01:02:07,832.832] DEBUG [133741748801664] - loaded lazy attr 'BytesIO': <class '_io.BytesIO'>
[2025-07-08 01:02:07,839.839] DEBUG [133741748801664] - registered 'bcrypt' handler: <class 'passlib.handlers.bcrypt.bcrypt'>
[2025-07-08 01:02:07,839.839] DEBUG [133741748801664] - registered 'bcrypt' handler: <class 'passlib.handlers.bcrypt.bcrypt'>
[2025-07-08 01:28:11,716.716] DEBUG [138845238222976] - loaded lazy attr 'SafeConfigParser': <class 'configparser.ConfigParser'>
[2025-07-08 01:28:11,716.716] DEBUG [138845238222976] - loaded lazy attr 'SafeConfigParser': <class 'configparser.ConfigParser'>
[2025-07-08 01:28:11,717.717] DEBUG [138845238222976] - loaded lazy attr 'NativeStringIO': <class '_io.StringIO'>
[2025-07-08 01:28:11,717.717] DEBUG [138845238222976] - loaded lazy attr 'NativeStringIO': <class '_io.StringIO'>
[2025-07-08 01:28:11,717.717] DEBUG [138845238222976] - loaded lazy attr 'BytesIO': <class '_io.BytesIO'>
[2025-07-08 01:28:11,717.717] DEBUG [138845238222976] - loaded lazy attr 'BytesIO': <class '_io.BytesIO'>
[2025-07-08 01:28:11,727.727] DEBUG [138845238222976] - registered 'bcrypt' handler: <class 'passlib.handlers.bcrypt.bcrypt'>
[2025-07-08 01:28:11,727.727] DEBUG [138845238222976] - registered 'bcrypt' handler: <class 'passlib.handlers.bcrypt.bcrypt'>
[2025-07-08 01:40:55,614.614] DEBUG [140249729069184] - loaded lazy attr 'SafeConfigParser': <class 'configparser.ConfigParser'>
[2025-07-08 01:40:55,614.614] DEBUG [140249729069184] - loaded lazy attr 'SafeConfigParser': <class 'configparser.ConfigParser'>
[2025-07-08 01:40:55,615.615] DEBUG [140249729069184] - loaded lazy attr 'NativeStringIO': <class '_io.StringIO'>
[2025-07-08 01:40:55,615.615] DEBUG [140249729069184] - loaded lazy attr 'NativeStringIO': <class '_io.StringIO'>
[2025-07-08 01:40:55,615.615] DEBUG [140249729069184] - loaded lazy attr 'BytesIO': <class '_io.BytesIO'>
[2025-07-08 01:40:55,615.615] DEBUG [140249729069184] - loaded lazy attr 'BytesIO': <class '_io.BytesIO'>
[2025-07-08 01:40:55,622.622] DEBUG [140249729069184] - registered 'bcrypt' handler: <class 'passlib.handlers.bcrypt.bcrypt'>
[2025-07-08 01:40:55,622.622] DEBUG [140249729069184] - registered 'bcrypt' handler: <class 'passlib.handlers.bcrypt.bcrypt'>
[2025-07-08 01:41:52,811.811] DEBUG [135739870498944] - loaded lazy attr 'SafeConfigParser': <class 'configparser.ConfigParser'>
[2025-07-08 01:41:52,811.811] DEBUG [135739870498944] - loaded lazy attr 'SafeConfigParser': <class 'configparser.ConfigParser'>
[2025-07-08 01:41:52,812.812] DEBUG [135739870498944] - loaded lazy attr 'NativeStringIO': <class '_io.StringIO'>
[2025-07-08 01:41:52,812.812] DEBUG [135739870498944] - loaded lazy attr 'NativeStringIO': <class '_io.StringIO'>
[2025-07-08 01:41:52,812.812] DEBUG [135739870498944] - loaded lazy attr 'BytesIO': <class '_io.BytesIO'>
[2025-07-08 01:41:52,812.812] DEBUG [135739870498944] - loaded lazy attr 'BytesIO': <class '_io.BytesIO'>
[2025-07-08 01:41:52,820.820] DEBUG [135739870498944] - registered 'bcrypt' handler: <class 'passlib.handlers.bcrypt.bcrypt'>
[2025-07-08 01:41:52,820.820] DEBUG [135739870498944] - registered 'bcrypt' handler: <class 'passlib.handlers.bcrypt.bcrypt'>
[2025-07-08 01:51:46,756.756] DEBUG [129179856240768] - loaded lazy attr 'SafeConfigParser': <class 'configparser.ConfigParser'>
[2025-07-08 01:51:46,756.756] DEBUG [129179856240768] - loaded lazy attr 'SafeConfigParser': <class 'configparser.ConfigParser'>
[2025-07-08 01:51:46,760.760] DEBUG [129179856240768] - loaded lazy attr 'NativeStringIO': <class '_io.StringIO'>
[2025-07-08 01:51:46,760.760] DEBUG [129179856240768] - loaded lazy attr 'NativeStringIO': <class '_io.StringIO'>
[2025-07-08 01:51:46,760.760] DEBUG [129179856240768] - loaded lazy attr 'BytesIO': <class '_io.BytesIO'>
[2025-07-08 01:51:46,760.760] DEBUG [129179856240768] - loaded lazy attr 'BytesIO': <class '_io.BytesIO'>
[2025-07-08 01:51:46,769.769] DEBUG [129179856240768] - registered 'bcrypt' handler: <class 'passlib.handlers.bcrypt.bcrypt'>
[2025-07-08 01:51:46,769.769] DEBUG [129179856240768] - registered 'bcrypt' handler: <class 'passlib.handlers.bcrypt.bcrypt'>
[2025-07-08 01:53:34,138.138] DEBUG [132862511517824] - loaded lazy attr 'SafeConfigParser': <class 'configparser.ConfigParser'>
[2025-07-08 01:53:34,138.138] DEBUG [132862511517824] - loaded lazy attr 'SafeConfigParser': <class 'configparser.ConfigParser'>
[2025-07-08 01:53:34,139.139] DEBUG [132862511517824] - loaded lazy attr 'NativeStringIO': <class '_io.StringIO'>
[2025-07-08 01:53:34,139.139] DEBUG [132862511517824] - loaded lazy attr 'NativeStringIO': <class '_io.StringIO'>
[2025-07-08 01:53:34,139.139] DEBUG [132862511517824] - loaded lazy attr 'BytesIO': <class '_io.BytesIO'>
[2025-07-08 01:53:34,139.139] DEBUG [132862511517824] - loaded lazy attr 'BytesIO': <class '_io.BytesIO'>
[2025-07-08 01:53:34,146.146] DEBUG [132862511517824] - registered 'bcrypt' handler: <class 'passlib.handlers.bcrypt.bcrypt'>
[2025-07-08 01:53:34,146.146] DEBUG [132862511517824] - registered 'bcrypt' handler: <class 'passlib.handlers.bcrypt.bcrypt'>
[2025-07-08 02:15:31,834.834] DEBUG [132529564070016] - loaded lazy attr 'SafeConfigParser': <class 'configparser.ConfigParser'>
[2025-07-08 02:15:31,834.834] DEBUG [132529564070016] - loaded lazy attr 'SafeConfigParser': <class 'configparser.ConfigParser'>
[2025-07-08 02:15:31,837.837] DEBUG [132529564070016] - loaded lazy attr 'NativeStringIO': <class '_io.StringIO'>
[2025-07-08 02:15:31,837.837] DEBUG [132529564070016] - loaded lazy attr 'NativeStringIO': <class '_io.StringIO'>
[2025-07-08 02:15:31,837.837] DEBUG [132529564070016] - loaded lazy attr 'BytesIO': <class '_io.BytesIO'>
[2025-07-08 02:15:31,837.837] DEBUG [132529564070016] - loaded lazy attr 'BytesIO': <class '_io.BytesIO'>
[2025-07-08 02:15:31,845.845] DEBUG [132529564070016] - registered 'bcrypt' handler: <class 'passlib.handlers.bcrypt.bcrypt'>
[2025-07-08 02:15:31,845.845] DEBUG [132529564070016] - registered 'bcrypt' handler: <class 'passlib.handlers.bcrypt.bcrypt'>
[2025-07-08 14:58:41,913.913] DEBUG [131472178462848] - loaded lazy attr 'SafeConfigParser': <class 'configparser.ConfigParser'>
[2025-07-08 14:58:41,912.912] DEBUG [131472178462848] - loaded lazy attr 'SafeConfigParser': <class 'configparser.ConfigParser'>
[2025-07-08 14:58:41,915.915] DEBUG [131472178462848] - loaded lazy attr 'NativeStringIO': <class '_io.StringIO'>
[2025-07-08 14:58:41,915.915] DEBUG [131472178462848] - loaded lazy attr 'NativeStringIO': <class '_io.StringIO'>
[2025-07-08 14:58:41,915.915] DEBUG [131472178462848] - loaded lazy attr 'BytesIO': <class '_io.BytesIO'>
[2025-07-08 14:58:41,915.915] DEBUG [131472178462848] - loaded lazy attr 'BytesIO': <class '_io.BytesIO'>
[2025-07-08 14:58:41,922.922] DEBUG [131472178462848] - registered 'bcrypt' handler: <class 'passlib.handlers.bcrypt.bcrypt'>
[2025-07-08 14:58:41,922.922] DEBUG [131472178462848] - registered 'bcrypt' handler: <class 'passlib.handlers.bcrypt.bcrypt'>
[2025-07-08 15:00:47,013.013] DEBUG [125840190185600] - loaded lazy attr 'SafeConfigParser': <class 'configparser.ConfigParser'>
[2025-07-08 15:00:47,013.013] DEBUG [125840190185600] - loaded lazy attr 'SafeConfigParser': <class 'configparser.ConfigParser'>
[2025-07-08 15:00:47,015.015] DEBUG [125840190185600] - loaded lazy attr 'NativeStringIO': <class '_io.StringIO'>
[2025-07-08 15:00:47,015.015] DEBUG [125840190185600] - loaded lazy attr 'NativeStringIO': <class '_io.StringIO'>
[2025-07-08 15:00:47,015.015] DEBUG [125840190185600] - loaded lazy attr 'BytesIO': <class '_io.BytesIO'>
[2025-07-08 15:00:47,015.015] DEBUG [125840190185600] - loaded lazy attr 'BytesIO': <class '_io.BytesIO'>
[2025-07-08 15:00:47,023.023] DEBUG [125840190185600] - registered 'bcrypt' handler: <class 'passlib.handlers.bcrypt.bcrypt'>
[2025-07-08 15:00:47,023.023] DEBUG [125840190185600] - registered 'bcrypt' handler: <class 'passlib.handlers.bcrypt.bcrypt'>
[2025-07-09 10:10:59,699.699] DEBUG [127083976577152] - loaded lazy attr 'SafeConfigParser': <class 'configparser.ConfigParser'>
[2025-07-09 10:10:59,699.699] DEBUG [127083976577152] - loaded lazy attr 'SafeConfigParser': <class 'configparser.ConfigParser'>
[2025-07-09 10:10:59,701.701] DEBUG [127083976577152] - loaded lazy attr 'NativeStringIO': <class '_io.StringIO'>
[2025-07-09 10:10:59,701.701] DEBUG [127083976577152] - loaded lazy attr 'NativeStringIO': <class '_io.StringIO'>
[2025-07-09 10:10:59,701.701] DEBUG [127083976577152] - loaded lazy attr 'BytesIO': <class '_io.BytesIO'>
[2025-07-09 10:10:59,701.701] DEBUG [127083976577152] - loaded lazy attr 'BytesIO': <class '_io.BytesIO'>
[2025-07-09 10:10:59,708.708] DEBUG [127083976577152] - registered 'bcrypt' handler: <class 'passlib.handlers.bcrypt.bcrypt'>
[2025-07-09 10:10:59,708.708] DEBUG [127083976577152] - registered 'bcrypt' handler: <class 'passlib.handlers.bcrypt.bcrypt'>
[2025-07-09 10:28:13,615.615] DEBUG [132416900415616] - loaded lazy attr 'SafeConfigParser': <class 'configparser.ConfigParser'>
[2025-07-09 10:28:13,615.615] DEBUG [132416900415616] - loaded lazy attr 'SafeConfigParser': <class 'configparser.ConfigParser'>
[2025-07-09 10:28:13,620.620] DEBUG [132416900415616] - loaded lazy attr 'NativeStringIO': <class '_io.StringIO'>
[2025-07-09 10:28:13,620.620] DEBUG [132416900415616] - loaded lazy attr 'NativeStringIO': <class '_io.StringIO'>
[2025-07-09 10:28:13,620.620] DEBUG [132416900415616] - loaded lazy attr 'BytesIO': <class '_io.BytesIO'>
[2025-07-09 10:28:13,620.620] DEBUG [132416900415616] - loaded lazy attr 'BytesIO': <class '_io.BytesIO'>
[2025-07-09 10:28:13,627.627] DEBUG [132416900415616] - registered 'bcrypt' handler: <class 'passlib.handlers.bcrypt.bcrypt'>
[2025-07-09 10:28:13,627.627] DEBUG [132416900415616] - registered 'bcrypt' handler: <class 'passlib.handlers.bcrypt.bcrypt'>
[2025-07-09 10:32:09,891.891] DEBUG [127002907336832] - loaded lazy attr 'SafeConfigParser': <class 'configparser.ConfigParser'>
[2025-07-09 10:32:09,891.891] DEBUG [127002907336832] - loaded lazy attr 'SafeConfigParser': <class 'configparser.ConfigParser'>
[2025-07-09 10:32:09,893.893] DEBUG [127002907336832] - loaded lazy attr 'NativeStringIO': <class '_io.StringIO'>
[2025-07-09 10:32:09,893.893] DEBUG [127002907336832] - loaded lazy attr 'NativeStringIO': <class '_io.StringIO'>
[2025-07-09 10:32:09,893.893] DEBUG [127002907336832] - loaded lazy attr 'BytesIO': <class '_io.BytesIO'>
[2025-07-09 10:32:09,893.893] DEBUG [127002907336832] - loaded lazy attr 'BytesIO': <class '_io.BytesIO'>
[2025-07-09 10:32:09,902.902] DEBUG [127002907336832] - registered 'bcrypt' handler: <class 'passlib.handlers.bcrypt.bcrypt'>
[2025-07-09 10:32:09,902.902] DEBUG [127002907336832] - registered 'bcrypt' handler: <class 'passlib.handlers.bcrypt.bcrypt'>
[2025-07-09 13:52:53,818.818] DEBUG [124561182478464] - loaded lazy attr 'SafeConfigParser': <class 'configparser.ConfigParser'>
[2025-07-09 13:52:53,818.818] DEBUG [124561182478464] - loaded lazy attr 'SafeConfigParser': <class 'configparser.ConfigParser'>
[2025-07-09 13:52:53,823.823] DEBUG [124561182478464] - loaded lazy attr 'NativeStringIO': <class '_io.StringIO'>
[2025-07-09 13:52:53,823.823] DEBUG [124561182478464] - loaded lazy attr 'NativeStringIO': <class '_io.StringIO'>
[2025-07-09 13:52:53,823.823] DEBUG [124561182478464] - loaded lazy attr 'BytesIO': <class '_io.BytesIO'>
[2025-07-09 13:52:53,823.823] DEBUG [124561182478464] - loaded lazy attr 'BytesIO': <class '_io.BytesIO'>
[2025-07-09 13:52:53,831.831] DEBUG [124561182478464] - registered 'bcrypt' handler: <class 'passlib.handlers.bcrypt.bcrypt'>
[2025-07-09 13:52:53,831.831] DEBUG [124561182478464] - registered 'bcrypt' handler: <class 'passlib.handlers.bcrypt.bcrypt'>
[2025-07-09 13:54:16,014.014] WARNING [124561074943680] - (trapped) error reading bcrypt version
Traceback (most recent call last):
  File "/home/ubuntu/venvs/myapi/lib/python3.12/site-packages/passlib/handlers/bcrypt.py", line 620, in _load_backend_mixin
    version = _bcrypt.__about__.__version__
              ^^^^^^^^^^^^^^^^^
AttributeError: module 'bcrypt' has no attribute '__about__'
[2025-07-09 13:54:16,019.019] DEBUG [124561074943680] - detected 'bcrypt' backend, version '<unknown>'
[2025-07-09 13:54:16,023.023] DEBUG [124561074943680] - 'bcrypt' backend lacks $2$ support, enabling workaround
[2025-07-09 13:54:20,088.088] DEBUG [124561182478464] - Calling on_field_start with no data
[2025-07-09 13:54:20,088.088] DEBUG [124561182478464] - Calling on_field_name with data[0:8]
[2025-07-09 13:54:20,088.088] DEBUG [124561182478464] - Calling on_field_data with data[9:13]
[2025-07-09 13:54:20,088.088] DEBUG [124561182478464] - Calling on_field_end with no data
[2025-07-09 13:54:20,088.088] DEBUG [124561182478464] - Calling on_field_start with no data
[2025-07-09 13:54:20,088.088] DEBUG [124561182478464] - Calling on_field_name with data[14:22]
[2025-07-09 13:54:20,088.088] DEBUG [124561182478464] - Calling on_field_data with data[23:25]
[2025-07-09 13:54:20,089.089] DEBUG [124561182478464] - Calling on_field_end with no data
[2025-07-09 13:54:20,089.089] DEBUG [124561182478464] - Calling on_end with no data
